2022-08-17 23:41:11:4111 [31merror[39m: [31mNo authorization token was found[39m
2022-08-17 23:50:20:5020 [31merror[39m: [31mNo authorization token was found[39m
2022-08-17 23:51:21:5121 [31merror[39m: [31mNo authorization token was found[39m
2022-08-17 23:52:18:5218 [31merror[39m: [31mNo authorization token was found[39m
2022-08-17 23:54:26:5426 [31merror[39m: [31mNo authorization token was found[39m
2022-08-17 23:54:27:5427 [31merror[39m: [31mNo authorization token was found[39m
2022-08-17 23:54:35:5435 [31merror[39m: [31mNo authorization token was found[39m
2022-08-17 23:54:38:5438 [31merror[39m: [31mNo authorization token was found[39m
2022-08-17 23:56:15:5615 [31merror[39m: [31mNo authorization token was found[39m
2022-08-17 23:56:18:5618 [31merror[39m: [31mNo authorization token was found[39m
2022-08-19 15:14:41:1441 [31merror[39m: [31mNo authorization token was found[39m
2022-08-19 15:14:52:1452 [31merror[39m: [31mNo authorization token was found[39m
2022-08-19 15:15:48:1548 [31merror[39m: [31mNo authorization token was found[39m
2022-08-19 15:19:58:1958 [31merror[39m: [31mInsufficient scope[39m
2022-08-19 15:20:03:203 [31merror[39m: [31mInsufficient scope[39m
2022-08-19 15:26:44:2644 [31merror[39m: [31mInsufficient scope[39m
2022-08-19 15:28:14:2814 [31merror[39m: [31m[31merror[31m[39m
2022-08-19 15:29:08:298 [31merror[39m: [31mInsufficient scope[39m
2022-08-19 15:29:40:2940 [31merror[39m: [31mmessage[39m
2022-08-19 15:31:36:3136 [31merror[39m: [31mmessage[39m
2022-08-19 15:35:56:3556 [31merror[39m: [31mmessage[39m
2022-08-19 15:35:56:3556 [31merror[39m: [31mmessage[39m
2022-08-19 15:36:47:3647 [31merror[39m: [31mmessage[39m
2022-08-19 15:36:47:3647 [31merror[39m: [31mend[39m
2022-08-19 15:38:05:385 [31merror[39m: [31mmessage[39m
2022-08-19 15:38:05:385 [31merror[39m: [31mend[39m
2022-08-19 15:38:10:3810 [31merror[39m: [31mmessage[39m
2022-08-19 15:38:10:3810 [31merror[39m: [31mend[39m
2022-08-19 15:38:11:3811 [31merror[39m: [31mmessage[39m
2022-08-19 15:38:11:3811 [31merror[39m: [31mend[39m
2022-08-19 15:38:12:3812 [31merror[39m: [31mmessage[39m
2022-08-19 15:38:12:3812 [31merror[39m: [31mend[39m
2022-08-19 15:40:04:404 [31merror[39m: [31mInsufficient scope[39m
2022-08-19 15:40:04:404 [31merror[39m: [31mend[39m
2022-08-19 15:40:51:4051 [31merror[39m: [31mInsufficient scope[39m
2022-08-19 15:40:51:4051 [31merror[39m: [31mend[39m
2022-08-19 15:41:05:415 [31merror[39m: [31mInsufficient scope[39m
2022-08-19 15:41:05:415 [31merror[39m: [31mend[39m
2022-08-19 15:41:07:417 [31merror[39m: [31mInsufficient scope[39m
2022-08-19 15:41:07:417 [31merror[39m: [31mend[39m
2022-08-19 15:41:08:418 [31merror[39m: [31mInsufficient scope[39m
2022-08-19 15:41:08:418 [31merror[39m: [31mend[39m
2022-08-19 15:42:17:4217 [31merror[39m: [31mInsufficient scope[39m
2022-08-19 15:42:18:4218 [31merror[39m: [31mInsufficient scope[39m
2022-08-19 15:42:25:4225 [31merror[39m: [31mInsufficient scope[39m
2022-08-19 15:42:56:4256 [31merror[39m: [31mInsufficient scope[39m
2022-08-19 15:42:57:4257 [31merror[39m: [31mInsufficient scope[39m
2022-08-19 15:42:58:4258 [31merror[39m: [31mInsufficient scope[39m
2022-08-19 15:42:58:4258 [31merror[39m: [31mInsufficient scope[39m
2022-08-19 15:42:58:4258 [31merror[39m: [31mInsufficient scope[39m
2022-08-19 15:42:59:4259 [31merror[39m: [31mInsufficient scope[39m
2022-08-19 15:42:59:4259 [31merror[39m: [31mInsufficient scope[39m
2022-08-19 15:47:22:4722 [31merror[39m: [31mInsufficient scope[39m
2022-08-19 15:47:24:4724 [31merror[39m: [31mInsufficient scope[39m
2022-08-19 15:48:13:4813 [31merror[39m: [31mInsufficient scope[39m
2022-08-19 15:50:14:5014 [31merror[39m: [31mInsufficient scope[39m
2022-08-19 15:51:17:5117 [31merror[39m: [31mInsufficient scope[39m
2022-08-19 15:51:19:5119 [31merror[39m: [31mInsufficient scope[39m
2022-08-19 15:51:32:5132 [31merror[39m: [31mInsufficient scope[39m
2022-08-19 15:58:18:5818 [31merror[39m: [31mInsufficient scope[39m
2022-08-19 15:58:31:5831 [31merror[39m: [31mInsufficient scope[39m
2022-08-19 16:00:26:026 [31merror[39m: [31mInsufficient scope[39m
2022-08-19 16:00:33:033 [31merror[39m: [31mInsufficient scope[39m
2022-08-19 16:00:34:034 [31merror[39m: [31mInsufficient scope[39m
2022-08-19 16:00:34:034 [31merror[39m: [31mInsufficient scope[39m
2022-08-19 16:03:13:313 [31merror[39m: [31mInsufficient scope[39m
2022-08-19 16:04:13:413 [31merror[39m: [31mInsufficient scope[39m
2022-08-19 16:05:05:55 [31merror[39m: [31mInsufficient scope[39m
2022-08-19 16:05:06:56 [31merror[39m: [31mInsufficient scope[39m
2022-08-19 16:05:06:56 [31merror[39m: [31mInsufficient scope[39m
2022-08-19 16:05:06:56 [31merror[39m: [31mInsufficient scope[39m
2022-08-19 16:05:21:521 [31merror[39m: [31mInsufficient scope[39m
2022-08-19 16:05:38:538 [31merror[39m: [31mInsufficient scope[39m
2022-08-19 16:05:43:543 [31merror[39m: [31mInsufficient scope[39m
2022-08-19 16:05:43:543 [31merror[39m: [31mInsufficient scope[39m
2022-08-19 16:07:07:77 [31merror[39m: [31mInsufficient scope[39m
2022-08-19 16:07:24:724 [31merror[39m: [31mInsufficient scope[39m
2022-08-19 16:08:15:815 [31merror[39m: [31mInsufficient scope[39m
2022-08-19 16:08:25:825 [31merror[39m: [31mInsufficient scope[39m
2022-08-19 16:29:13:2913 [31merror[39m: [31mInsufficient scope[39m
2022-08-19 16:33:16:3316 [31merror[39m: [31mInsufficient scope[39m
2022-08-19 16:34:56:3456 [31merror[39m: [31mInsufficient scope[39m
2022-08-19 16:40:07:407 [31merror[39m: [31mInsufficient scope[39m
2022-08-19 16:43:37:4337 [31merror[39m: [31mInsufficient scope[39m
2022-08-19 16:47:08:478 [31merror[39m: [31mInsufficient scope[39m
2022-08-19 16:50:53:5053 [31merror[39m: [31mInsufficient scope[39m
2022-08-19 16:50:56:5056 [31merror[39m: [31mInsufficient scope[39m
2022-08-19 16:51:38:5138 [31merror[39m: [31mInsufficient scope[39m
2022-08-19 16:52:21:5221 [31merror[39m: [31mInsufficient scope[39m
2022-08-19 16:52:22:5222 [31merror[39m: [31mInsufficient scope[39m
2022-08-19 16:54:28:5428 [31merror[39m: [31mInsufficient scope[39m
2022-08-19 16:54:29:5429 [31merror[39m: [31mInsufficient scope[39m
2022-08-19 16:54:30:5430 [31merror[39m: [31mInsufficient scope[39m
2022-08-19 18:49:30:4930 [31merror[39m: [31mgetaddrinfo ENOTFOUND pmp-app.eu.auth0.com[39m
2022-08-19 19:04:12:412 [31merror[39m: [31mInsufficient scope[39m
2022-08-19 19:04:32:432 [31merror[39m: [31mInsufficient scope[39m
2022-08-19 19:06:26:626 [31merror[39m: [31mInsufficient scope[39m
2022-08-19 19:09:35:935 [31merror[39m: [31mInsufficient scope[39m
2022-08-19 19:10:16:1016 [31merror[39m: [31mInsufficient scope[39m
2022-08-19 19:11:34:1134 [31merror[39m: [31mInsufficient scope[39m
2022-08-19 19:12:27:1227 [31merror[39m: [31mInsufficient scope[39m
2022-08-19 19:12:51:1251 [31merror[39m: [31mInsufficient scope[39m
2022-08-19 19:13:02:132 [31merror[39m: [31mInsufficient scope[39m
2022-08-19 19:15:20:1520 [31merror[39m: [31mInsufficient scope[39m
2022-08-19 19:15:21:1521 [31merror[39m: [31mInsufficient scope[39m
2022-08-19 19:15:22:1522 [31merror[39m: [31mInsufficient scope[39m
2022-08-19 19:15:22:1522 [31merror[39m: [31mInsufficient scope[39m
2022-08-19 19:16:00:160 [31merror[39m: [31mInsufficient scope[39m
2022-08-19 19:20:11:2011 [31merror[39m: [31mInsufficient scope[39m
2022-08-19 19:20:23:2023 [31merror[39m: [31mInsufficient scope[39m
2022-08-19 19:20:37:2037 [31merror[39m: [31mInsufficient scope[39m
2022-08-20 05:58:47:5847 [31merror[39m: [31mInsufficient scope[39m
2022-08-20 05:58:49:5849 [31merror[39m: [31mInsufficient scope[39m
2022-08-20 05:59:55:5955 [31merror[39m: [31mInsufficient scope[39m
2022-08-20 06:00:44:044 [31merror[39m: [31mInsufficient scope[39m
2022-08-20 06:00:55:055 [31merror[39m: [31mInsufficient scope[39m
2022-08-20 06:01:40:140 [31merror[39m: [31merror[39m
2022-08-20 06:03:03:33 [31merror[39m: [31mInsufficient scope[39m
2022-08-20 06:03:18:318 [31merror[39m: [31merror[39m
